{
  "RSpec": {
    "coverage": {
      "/home/developer/ruby_projects/inventory_management_website/config/environment.rb": {
        "lines": [
          null,
          1,
          null,
          null,
          1
        ]
      },
      "/home/developer/ruby_projects/inventory_management_website/config/application.rb": {
        "lines": [
          1,
          null,
          1,
          null,
          null,
          null,
          1,
          null,
          1,
          1,
          null,
          1,
          null,
          null,
          null,
          null,
          null,
          null,
          null,
          null,
          null,
          null
        ]
      },
      "/home/developer/ruby_projects/inventory_management_website/config/boot.rb": {
        "lines": [
          1,
          null,
          1,
          1
        ]
      },
      "/home/developer/ruby_projects/inventory_management_website/config/environments/test.rb": {
        "lines": [
          1,
          null,
          null,
          null,
          null,
          null,
          null,
          1,
          null,
          null,
          null,
          1,
          null,
          null,
          null,
          null,
          1,
          null,
          null,
          1,
          1,
          null,
          null,
          null,
          null,
          1,
          1,
          1,
          null,
          null,
          1,
          null,
          null,
          1,
          null,
          null,
          1,
          null,
          1,
          null,
          null,
          null,
          null,
          1,
          null,
          null,
          1,
          null,
          null,
          1,
          null,
          null,
          1,
          null,
          null,
          null,
          null,
          null,
          null,
          null
        ]
      },
      "/home/developer/ruby_projects/inventory_management_website/config/initializers/assets.rb": {
        "lines": [
          null,
          null,
          null,
          1,
          null,
          null,
          null,
          null,
          null,
          null,
          null,
          null
        ]
      },
      "/home/developer/ruby_projects/inventory_management_website/config/initializers/content_security_policy.rb": {
        "lines": [
          null,
          null,
          null,
          null,
          null,
          null,
          null,
          null,
          null,
          null,
          null,
          null,
          null,
          null,
          null,
          null,
          null,
          null,
          null,
          null,
          null,
          null,
          null,
          null,
          null
        ]
      },
      "/home/developer/ruby_projects/inventory_management_website/config/initializers/devise.rb": {
        "lines": [
          null,
          null,
          null,
          null,
          null,
          null,
          null,
          null,
          null,
          null,
          1,
          null,
          null,
          null,
          null,
          null,
          null,
          1,
          null,
          null,
          null,
          null,
          null,
          null,
          null,
          null,
          1,
          null,
          null,
          null,
          null,
          null,
          null,
          null,
          null,
          null,
          null,
          null,
          1,
          null,
          null,
          null,
          null,
          null,
          null,
          null,
          null,
          null,
          null,
          null,
          null,
          null,
          null,
          null,
          null,
          null,
          null,
          null,
          null,
          null,
          1,
          null,
          null,
          null,
          null,
          1,
          null,
          null,
          null,
          null,
          null,
          null,
          null,
          null,
          null,
          null,
          null,
          null,
          null,
          null,
          null,
          null,
          null,
          null,
          null,
          null,
          null,
          null,
          null,
          null,
          null,
          null,
          null,
          null,
          null,
          null,
          null,
          null,
          null,
          1,
          null,
          null,
          null,
          null,
          null,
          null,
          null,
          null,
          null,
          null,
          null,
          null,
          null,
          null,
          null,
          null,
          null,
          null,
          null,
          null,
          null,
          null,
          null,
          null,
          null,
          1,
          null,
          null,
          null,
          null,
          null,
          null,
          null,
          null,
          null,
          null,
          null,
          null,
          null,
          null,
          null,
          null,
          null,
          null,
          null,
          null,
          null,
          null,
          null,
          null,
          null,
          null,
          null,
          null,
          null,
          null,
          null,
          null,
          null,
          1,
          null,
          null,
          null,
          null,
          null,
          null,
          null,
          null,
          null,
          1,
          null,
          null,
          null,
          null,
          null,
          null,
          null,
          null,
          null,
          null,
          1,
          null,
          null,
          null,
          null,
          1,
          null,
          null,
          null,
          null,
          null,
          null,
          null,
          null,
          null,
          null,
          null,
          null,
          null,
          null,
          null,
          null,
          null,
          null,
          null,
          null,
          null,
          null,
          null,
          null,
          null,
          null,
          null,
          null,
          null,
          null,
          null,
          null,
          null,
          null,
          null,
          null,
          null,
          null,
          null,
          null,
          1,
          null,
          null,
          null,
          null,
          null,
          null,
          null,
          null,
          null,
          null,
          null,
          null,
          null,
          null,
          null,
          null,
          null,
          null,
          null,
          null,
          null,
          null,
          null,
          null,
          null,
          null,
          null,
          null,
          null,
          null,
          null,
          null,
          null,
          null,
          null,
          null,
          null,
          null,
          null,
          null,
          null,
          1,
          null,
          null,
          null,
          null,
          null,
          null,
          null,
          null,
          null,
          null,
          null,
          null,
          null,
          null,
          null,
          null,
          null,
          null,
          null,
          null,
          null,
          null,
          null,
          null,
          null,
          null,
          null,
          null,
          null,
          null,
          null,
          null,
          null,
          null,
          null,
          null,
          null,
          null,
          null,
          null,
          null,
          null
        ]
      },
      "/home/developer/ruby_projects/inventory_management_website/config/initializers/filter_parameter_logging.rb": {
        "lines": [
          null,
          null,
          null,
          null,
          null,
          1,
          null,
          null
        ]
      },
      "/home/developer/ruby_projects/inventory_management_website/config/initializers/inflections.rb": {
        "lines": [
          null,
          null,
          null,
          null,
          null,
          null,
          null,
          null,
          null,
          null,
          null,
          null,
          null,
          null,
          null,
          null
        ]
      },
      "/home/developer/ruby_projects/inventory_management_website/config/initializers/permissions_policy.rb": {
        "lines": [
          null,
          null,
          null,
          null,
          null,
          null,
          null,
          null,
          null,
          null,
          null
        ]
      },
      "/home/developer/ruby_projects/inventory_management_website/spec/factories/items.rb": {
        "lines": [
          1,
          1,
          1,
          1,
          1,
          1,
          null,
          null
        ]
      },
      "/home/developer/ruby_projects/inventory_management_website/spec/factories/users.rb": {
        "lines": [
          1,
          1,
          1,
          1,
          1,
          1,
          null,
          null
        ]
      },
      "/home/developer/ruby_projects/inventory_management_website/config/routes.rb": {
        "lines": [
          1,
          1,
          null,
          null,
          null,
          null,
          1,
          null,
          null,
          null,
          null,
          null,
          null,
          null,
          1,
          1,
          1,
          null,
          null,
          null
        ]
      },
      "/home/developer/ruby_projects/inventory_management_website/app/models/user.rb": {
        "lines": [
          1,
          null,
          null,
          1,
          null,
          null
        ]
      },
      "/home/developer/ruby_projects/inventory_management_website/app/models/application_record.rb": {
        "lines": [
          1,
          1,
          null
        ]
      },
      "/home/developer/ruby_projects/inventory_management_website/app/helpers/application_helper.rb": {
        "lines": [
          1,
          null
        ]
      },
      "/home/developer/ruby_projects/inventory_management_website/app/helpers/inventory_helper.rb": {
        "lines": [
          1,
          null
        ]
      },
      "/home/developer/ruby_projects/inventory_management_website/app/helpers/invoices_helper.rb": {
        "lines": [
          1,
          null
        ]
      },
      "/home/developer/ruby_projects/inventory_management_website/app/helpers/items_helper.rb": {
        "lines": [
          1,
          null
        ]
      },
      "/home/developer/ruby_projects/inventory_management_website/spec/support/factory_bot.rb": {
        "lines": [
          1,
          1,
          null
        ]
      },
      "/home/developer/ruby_projects/inventory_management_website/app/controllers/items_controller.rb": {
        "lines": [
          1,
          1,
          null,
          1,
          null,
          1,
          1,
          1,
          null,
          null,
          null,
          1,
          0,
          null,
          null,
          1,
          null,
          0,
          null,
          null,
          1,
          0,
          null,
          0,
          null,
          0,
          0,
          0,
          null,
          0,
          null,
          null,
          null,
          1,
          0,
          null,
          null,
          1,
          null,
          0,
          null,
          0,
          0,
          0,
          null,
          0,
          null,
          null,
          null,
          1,
          null,
          0,
          0,
          null,
          0,
          null,
          1,
          1,
          0,
          null,
          null
        ]
      },
      "/home/developer/ruby_projects/inventory_management_website/app/controllers/application_controller.rb": {
        "lines": [
          1,
          null
        ]
      },
      "/home/developer/ruby_projects/inventory_management_website/app/models/inventory.rb": {
        "lines": [
          1,
          1,
          1,
          null
        ]
      },
      "/home/developer/ruby_projects/inventory_management_website/app/models/item.rb": {
        "lines": [
          1,
          1,
          1,
          1,
          1,
          1,
          1,
          null,
          null,
          1,
          0,
          null,
          0,
          0,
          null,
          0,
          0,
          null,
          null,
          null,
          null,
          null
        ]
      }
    },
    "timestamp": 1676038217
  }
}
